<?xml version="1.0" encoding="UTF-8"?>
<!-- Generated by org.testng.reporters.JUnitXMLReporter -->
<testsuite hostname="nw53680" failures="1" tests="2" name="TestNG tests" time="0.04" errors="0" timestamp="4 Mar 2021 20:54:18 GMT">
  <testcase classname="grades.GradeSchemeNGTest" name="testGetGrade" time="0.005">
    <failure type="java.lang.AssertionError" message="expected [F] but found [D]">
      <![CDATA[java.lang.AssertionError: expected [F] but found [D]
	at grades.GradeSchemeNGTest.testGetGrade(GradeSchemeNGTest.java:54)
... Removed 28 stack frames]]>
    </failure>
  </testcase> <!-- testGetGrade -->
  <testcase classname="grades.GradeSchemeNGTest" name="testIsFreezing" time="0.0"/>
</testsuite> <!-- TestNG tests -->
